2024-02-13 07:19:16,819 - ---------------Creating User----------------
2024-02-13 07:19:20,224 - ---------------User Created----------------
2024-02-13 07:19:20,231 - ---------------Status code valdiated----------------
2024-02-13 07:19:20,268 - ---------------Reading User Info----------------
2024-02-13 07:19:20,497 - ---------------Reading User Info Completed----------------
2024-02-13 07:19:20,503 - ---------------Update User----------------
2024-02-13 07:19:20,655 - ---------------Update UserCompleted----------------
2024-02-13 07:19:20,655 - ---------------Read the Updated User---------------
2024-02-13 07:19:20,748 - ---------------Read Updated User Completed----------------
2024-02-13 07:19:20,760 - ---------------Deleted User ----------------
2024-02-13 07:19:20,870 - ---------------Delete User Completed----------------
2024-02-13 07:35:30,001 - ---------------Creating User----------------
2024-02-13 07:35:34,515 - ---------------User Created----------------
2024-02-13 07:35:34,518 - ---------------Status code valdiated----------------
2024-02-13 07:35:34,540 - ---------------Reading User Info----------------
2024-02-13 07:35:34,698 - ---------------Reading User Info Completed----------------
2024-02-13 07:35:34,702 - ---------------Update User----------------
2024-02-13 07:35:34,817 - ---------------Update UserCompleted----------------
2024-02-13 07:35:34,817 - ---------------Read the Updated User---------------
2024-02-13 07:35:34,918 - ---------------Read Updated User Completed----------------
2024-02-13 07:35:34,922 - ---------------Deleted User ----------------
2024-02-13 07:35:35,013 - ---------------Delete User Completed----------------
2024-02-13 07:37:15,734 - ---------------Creating User----------------
2024-02-13 07:37:19,376 - ---------------User Created----------------
2024-02-13 07:37:19,380 - ---------------Status code valdiated----------------
2024-02-13 07:37:19,405 - ---------------Reading User Info----------------
2024-02-13 07:37:19,560 - ---------------Reading User Info Completed----------------
2024-02-13 07:37:19,564 - ---------------Update User----------------
2024-02-13 07:37:19,687 - ---------------Update UserCompleted----------------
2024-02-13 07:37:19,687 - ---------------Read the Updated User---------------
2024-02-13 07:37:19,780 - ---------------Read Updated User Completed----------------
2024-02-13 07:37:19,783 - ---------------Deleted User ----------------
2024-02-13 07:37:19,871 - ---------------Delete User Completed----------------
2024-02-13 08:08:54,766 - ---------------Creating User----------------
2024-02-13 08:08:58,501 - ---------------User Created----------------
2024-02-13 08:08:58,503 - ---------------Status code valdiated----------------
2024-02-13 08:08:58,526 - ---------------Reading User Info----------------
2024-02-13 08:08:58,722 - ---------------Reading User Info Completed----------------
2024-02-13 08:08:58,727 - ---------------Update User----------------
2024-02-13 08:08:58,843 - ---------------Update UserCompleted----------------
2024-02-13 08:08:58,843 - ---------------Read the Updated User---------------
2024-02-13 08:08:58,956 - ---------------Read Updated User Completed----------------
2024-02-13 08:08:58,958 - ---------------Deleted User ----------------
2024-02-13 08:08:59,077 - ---------------Delete User Completed----------------
